<?xml version="1.0" encoding="UTF-8"?>
<!-- Generated by org.testng.reporters.JUnitReportReporter -->
<testsuite skipped="0" hostname="Praveen" name="mvn.AppiumTest" tests="2" failures="0" timestamp="11 Feb 2021 16:06:42 GMT" time="0.001" errors="0">
  <testcase name="IOSApps" time="0.000" classname="mvn.AppiumTest"/>
  <testcase name="NativeAppAndroid" time="0.001" classname="mvn.AppiumTest"/>
</testsuite> <!-- mvn.AppiumTest -->
