<?xml version="1.0" encoding="UTF-8"?>
<!-- Generated by org.testng.reporters.JUnitReportReporter -->
<testsuite skipped="0" hostname="Praveen" name="mvn.RESTAPITest" tests="2" failures="0" timestamp="11 Feb 2021 16:07:07 GMT" time="0.001" errors="0">
  <testcase name="postJira" time="0.001" classname="mvn.RESTAPITest"/>
  <testcase name="deleteTwitter" time="0.000" classname="mvn.RESTAPITest"/>
</testsuite> <!-- mvn.RESTAPITest -->
