<?xml version="1.0" encoding="UTF-8"?>
<!-- Generated by org.testng.reporters.JUnitReportReporter -->
<testsuite skipped="0" hostname="Praveen" name="mvn.SeleniumTest" tests="2" failures="0" timestamp="11 Feb 2021 16:07:07 GMT" time="0.021" errors="0">
  <testcase name="BrowserAutomation" time="0.021" classname="mvn.SeleniumTest"/>
  <testcase name="elementsUi" time="0.000" classname="mvn.SeleniumTest"/>
</testsuite> <!-- mvn.SeleniumTest -->
